[17:52:03] [main/INFO]: Loading Minecraft 1.20.1 with Fabric Loader 0.14.21
[17:52:03] [ForkJoinPool-1-worker-2/WARN]: Mod io_netty_netty-codec-socks uses the version 4.1.82.Final which isn't compatible with Loader's extended semantic version format (Could not parse version number component 'Final'!), SemVer is recommended for reliably evaluating dependencies and prioritizing newer version
[17:52:03] [ForkJoinPool-1-worker-2/WARN]: Mod io_netty_netty-handler-proxy uses the version 4.1.82.Final which isn't compatible with Loader's extended semantic version format (Could not parse version number component 'Final'!), SemVer is recommended for reliably evaluating dependencies and prioritizing newer version
[17:52:03] [ForkJoinPool-1-worker-2/WARN]: Mod io_netty_netty-codec-http uses the version 4.1.82.Final which isn't compatible with Loader's extended semantic version format (Could not parse version number component 'Final'!), SemVer is recommended for reliably evaluating dependencies and prioritizing newer version
[17:52:03] [ForkJoinPool-1-worker-1/WARN]: Mod netherdepthsupgrade uses the version fabric-3.0.1-1.20 which isn't compatible with Loader's extended semantic version format (Could not parse version number component 'fabric'!), SemVer is recommended for reliably evaluating dependencies and prioritizing newer version
[17:52:03] [ForkJoinPool-1-worker-1/WARN]: The mod "dungeons_arise" contains invalid entries in its mod json:
- Unsupported root entry "credits" at line 12 column 12
[17:52:03] [ForkJoinPool-1-worker-1/WARN]: Mod letmedespawn uses the version fabric-1.20-1.1.0 which isn't compatible with Loader's extended semantic version format (Could not parse version number component 'fabric'!), SemVer is recommended for reliably evaluating dependencies and prioritizing newer version
[17:52:03] [ForkJoinPool-1-worker-2/WARN]: Mod org_eclipse_jgit_org_eclipse_jgit uses the version 6.6.0.202305301015-r which isn't compatible with Loader's extended semantic version format (Could not parse version number component '202305301015'!), SemVer is recommended for reliably evaluating dependencies and prioritizing newer version
[17:52:03] [ForkJoinPool-1-worker-2/WARN]: Mod org_eclipse_jgit_org_eclipse_jgit_ssh_apache uses the version 6.6.0.202305301015-r which isn't compatible with Loader's extended semantic version format (Could not parse version number component '202305301015'!), SemVer is recommended for reliably evaluating dependencies and prioritizing newer version
[17:52:03] [ForkJoinPool-1-worker-2/WARN]: Mod gravestones uses the version v1.15 which isn't compatible with Loader's extended semantic version format (Could not parse version number component 'v1'!), SemVer is recommended for reliably evaluating dependencies and prioritizing newer version
[17:52:03] [ForkJoinPool-1-worker-2/WARN]: Mod explorify uses the version v1.3.0-mc1.20u1.20.1 which isn't compatible with Loader's extended semantic version format (Could not parse version number component 'v1'!), SemVer is recommended for reliably evaluating dependencies and prioritizing newer version
[17:52:03] [main/INFO]: Loading 263 mods:
	- additionallanterns 1.0.4-a
	- additionalstructures 4.2.0
	- adorn 5.0.0+1.20.1
	- advancedgolems 1.20.1-1.5.1
	- ae2 15.0.4-beta
	   \-- team_reborn_energy 3.0.0
	- ae2wtlib 15.0.1-beta
	- architectury 9.1.10
	- balm-fabric 7.0.4
	- bambooeverything 3.0.1-build.55+mc1.20.1
	- barteringstation 8.0.0
	   |-- cardinal-components-base 5.2.1
	   \-- cardinal-components-entity 5.2.1
	- bclib 3.0.11
	   \-- wunderlib 1.1.5
	- beekeeperhut 1.3.0
	- betteradvancements 0.3.2.161
	- betterend 4.0.8
	- betternether 9.0.8
	- bettertridents 8.0.0
	   |-- cardinal-components-base 5.2.1
	   \-- cardinal-components-entity 5.2.1
	- biomemusic 1.20.1-1.6
	- bluemap 3.14
	- bosses_of_mass_destruction 1.7.1-1.20
	   |-- maelstrom_library 1.6-1.20
	   \-- multipart_entities 1.5-1.20
	- bountiful 6.0.2+1.20.1
	- cardinal-components 5.2.1
	   |-- cardinal-components-base 5.2.1
	   |-- cardinal-components-block 5.2.1
	   |-- cardinal-components-chunk 5.2.1
	   |-- cardinal-components-entity 5.2.1
	   |-- cardinal-components-item 5.2.1
	   |-- cardinal-components-level 5.2.1
	   |-- cardinal-components-scoreboard 5.2.1
	   \-- cardinal-components-world 5.2.1
	- carryon 2.1.1.2
	   \-- amecsapi 1.5.0+mc1.20-pre1
	- charmofundying 6.4.2+1.20.1
	   \-- spectrelib 0.13.13+1.20.1
	- chococraft 0.9.0
	- chunkloaders 1.2.5
	- chunky 1.3.92
	- cloth-config 11.1.106
	   \-- cloth-basic-math 0.6.1
	- clumps 12.0.0.3
	- collective 6.65
	- comforts 6.3.3+1.20.1
	   |-- cardinal-components-base 5.2.1
	   \-- cardinal-components-entity 5.2.1
	- computercraft 1.106.1
	   |-- com_jcraft_jzlib 1.1.3
	   |-- io_netty_netty-codec-http 4.1.82.Final
	   |-- io_netty_netty-codec-socks 4.1.82.Final
	   |-- io_netty_netty-handler-proxy 4.1.82.Final
	   \-- org_squiddev_cobalt 0.7.0
	- connectedglass 1.1.7
	- connectivity 1.20.1-4.4
	- creativecore 2.10.28
	   \-- net_minecraftforge_eventbus 6.0.3
	- creeperoverhaul 3.0.1
	- cristellib 1.1
	- crops_love_rain 1.4.0
	   \-- cactusconfig 2.1.1+knot+1.20.1
	        |-- com_electronwill_night-config_core 3.6.6
	        |-- com_electronwill_night-config_toml 3.6.6
	        |-- fabric-rendering-v1 3.0.6+b3afc78b77
	        |-- fabric-resource-loader-v0 0.11.8+e3d6ed2577
	        \-- spruceui 5.0.0+1.20
	- croptopia 2.3.2
	   |-- com_typesafe_config 1.4.1
	   |-- io_leangen_geantyref_geantyref 1.3.11
	   |-- org_spongepowered_configurate-core 4.1.2
	   \-- org_spongepowered_configurate-hocon 4.1.2
	- ctov 3.3.2
	- culinaryconstruct 5.2.0+1.20.1
	   \-- spectrelib 0.13.13+1.20.1
	- diagonalfences 8.0.0
	- doapi 1.2.3
	   \-- terraform-wood-api-v1 7.0.1
	- dummmmmmy 1.20-1.7.9
	- dungeons_andtaverns_mr 1-v2.1.3
	- dungeons_arise 2.1.56.1
	- easyanvils 8.0.0
	- experiencebugfix 2
	- explorify v1.3.0-mc1.20u1.20.1
	- fab 1.0.1-1.20+
	- fabric-api 0.85.0+1.20.1
	   |-- fabric-api-base 0.4.29+b04edc7a77
	   |-- fabric-api-lookup-api-v1 1.6.34+4d8536c977
	   |-- fabric-biome-api-v1 13.0.10+b3afc78b77
	   |-- fabric-block-api-v1 1.0.9+e022e5d177
	   |-- fabric-blockrenderlayer-v1 1.1.39+b3afc78b77
	   |-- fabric-client-tags-api-v1 1.1.0+97bb207577
	   |-- fabric-command-api-v1 1.2.32+f71b366f77
	   |-- fabric-command-api-v2 2.2.11+b3afc78b77
	   |-- fabric-commands-v0 0.2.49+df3654b377
	   |-- fabric-containers-v0 0.1.61+df3654b377
	   |-- fabric-content-registries-v0 4.0.8+b3afc78b77
	   |-- fabric-convention-tags-v1 1.5.3+b3afc78b77
	   |-- fabric-crash-report-info-v1 0.2.18+aeb40ebe77
	   |-- fabric-data-generation-api-v1 12.1.12+b3afc78b77
	   |-- fabric-dimensions-v1 2.1.51+b3afc78b77
	   |-- fabric-entity-events-v1 1.5.21+b3afc78b77
	   |-- fabric-events-interaction-v0 0.6.0+b3afc78b77
	   |-- fabric-events-lifecycle-v0 0.2.61+df3654b377
	   |-- fabric-game-rule-api-v1 1.0.38+b04edc7a77
	   |-- fabric-item-api-v1 2.1.26+b3afc78b77
	   |-- fabric-item-group-api-v1 4.0.8+40e50c4677
	   |-- fabric-key-binding-api-v1 1.0.36+fb8d95da77
	   |-- fabric-keybindings-v0 0.2.34+df3654b377
	   |-- fabric-lifecycle-events-v1 2.2.20+b3afc78b77
	   |-- fabric-loot-api-v2 1.1.38+b3afc78b77
	   |-- fabric-loot-tables-v1 1.1.42+9e7660c677
	   |-- fabric-message-api-v1 5.1.6+b3afc78b77
	   |-- fabric-mining-level-api-v1 2.1.48+b3afc78b77
	   |-- fabric-models-v0 0.3.35+b3afc78b77
	   |-- fabric-networking-api-v1 1.3.8+b3afc78b77
	   |-- fabric-networking-v0 0.3.48+df3654b377
	   |-- fabric-object-builder-api-v1 11.1.0+6beca84877
	   |-- fabric-particles-v1 1.1.0+201a23a077
	   |-- fabric-recipe-api-v1 1.0.18+b3afc78b77
	   |-- fabric-registry-sync-v0 2.2.6+b3afc78b77
	   |-- fabric-renderer-api-v1 3.1.0+c154966e77
	   |-- fabric-renderer-indigo 1.4.0+c154966e77
	   |-- fabric-renderer-registries-v1 3.2.44+df3654b377
	   |-- fabric-rendering-data-attachment-v1 0.3.33+b3afc78b77
	   |-- fabric-rendering-fluids-v1 3.0.26+b3afc78b77
	   |-- fabric-rendering-v0 1.1.47+df3654b377
	   |-- fabric-rendering-v1 3.0.6+b3afc78b77
	   |-- fabric-resource-conditions-api-v1 2.3.5+ea08f9d877
	   |-- fabric-resource-loader-v0 0.11.8+e3d6ed2577
	   |-- fabric-screen-api-v1 2.0.6+b3afc78b77
	   |-- fabric-screen-handler-api-v1 1.3.27+b3afc78b77
	   |-- fabric-sound-api-v1 1.0.12+b3afc78b77
	   |-- fabric-transfer-api-v1 3.2.3+43a3fedd77
	   \-- fabric-transitive-access-wideners-v1 4.2.0+b3afc78b77
	- fabric-language-kotlin 1.10.0+kotlin.1.9.0
	   |-- org_jetbrains_kotlin_kotlin-reflect 1.9.0
	   |-- org_jetbrains_kotlin_kotlin-stdlib 1.9.0
	   |-- org_jetbrains_kotlin_kotlin-stdlib-jdk7 1.9.0
	   |-- org_jetbrains_kotlin_kotlin-stdlib-jdk8 1.9.0
	   |-- org_jetbrains_kotlinx_atomicfu-jvm 0.21.0
	   |-- org_jetbrains_kotlinx_kotlinx-coroutines-core-jvm 1.7.2
	   |-- org_jetbrains_kotlinx_kotlinx-coroutines-jdk8 1.7.2
	   |-- org_jetbrains_kotlinx_kotlinx-datetime-jvm 0.4.0
	   |-- org_jetbrains_kotlinx_kotlinx-serialization-cbor-jvm 1.5.1
	   |-- org_jetbrains_kotlinx_kotlinx-serialization-core-jvm 1.5.1
	   \-- org_jetbrains_kotlinx_kotlinx-serialization-json-jvm 1.5.1
	- fabricloader 0.14.21
	- fallingtree 4.2.0
	- fancymenu 2.14.7
	- fastback 0.12.0+1.20.1
	   |-- com_googlecode_javaewah_javaewah 1.1.13
	   |-- fabric-permissions-api-v0 0.2-SNAPSHOT
	   |-- net_i2p_crypto_eddsa 0.3.0
	   |-- org_apache_sshd_sshd-common 2.8.0
	   |-- org_apache_sshd_sshd-core 2.8.0
	   |-- org_eclipse_jgit_org_eclipse_jgit 6.6.0.202305301015-r
	   \-- org_eclipse_jgit_org_eclipse_jgit_ssh_apache 6.6.0.202305301015-r
	- fastload 3.4.0
	   |-- conditional-mixin 0.3.2
	   |-- fastload-119-0-1-2-compat 3.4.0
	   |-- fastload-1193-compat 3.4.0
	   |-- fastload-1194-compat 3.4.0
	   \-- fastload_fapi_forward 1.0.2
	- ferritecore 6.0.0
	- findme 3.1.0
	- forgeconfigapiport 8.0.0
	- friendsandfoes 1.9.3
	   \-- com_github_llamalad7_mixinextras 0.2.0-beta.8
	- ftbchunks 2001.1.3
	- ftbessentials 2001.1.2
	- ftblibrary 2001.1.2
	- ftbteams 2001.1.4
	- fusion 1.0.3
	- fwaystones 3.1.2+mc1.20
	- geckolib 4.2.1
	   \-- com_eliotlash_mclib_mclib 20
	- geodes 1.8.2
	- gravestones v1.15
	- handcrafted 2.3.2
	- harvestwithease 7.0.0.2
	- healingcampfire 5.1
	- inventorysorter 1.9.0-1.20
	   \-- kyrptconfig 1.5.6-1.20
	- itemcollectors 1.1.8
	- jade 11.2.0
	- jamlib 0.6.0+1.20
	- java 19
	- jei 15.2.0.22
	- justenoughprofessions 3.0.1
	- kambrik 6.0.1+1.20.1
	- konkrete 1.6.1
	- krypton 0.2.3
	   \-- com_velocitypowered_velocity-native 3.2.0-SNAPSHOT
	- launchersmod 3.2.2
	- leavesbegone 8.0.0
	- letmedespawn fabric-1.20-1.1.0
	- lootintegrations 1.20.1-3.1
	- lootr 0.7.29.75
	- luckyblocks 1.4
	- magistuarmory 7.11
	- mcwbridges 2.1.0
	- mcwfences 1.0.7
	- mcwlights 1.0.6
	- mcwpaths 1.0.3
	- mcwroofs 2.2.4
	- mcwtrpdoors 1.1.1
	- measurements 2.0.0
	- midnightlib 1.4.1
	- minecraft 1.20.1
	- modernfix 5.2.3+mc1.20.1
	   |-- fabric-models-v0 0.3.35+b3afc78b77
	   \-- fabric-screen-api-v1 2.0.6+b3afc78b77
	- modpack-update-checker 0.6.0
	- moonlight 1.20-2.6.1
	- morediscs 1.20.1-28-fabric
	- moremobvariants 1.2.2
	- mru 0.2.1+1.20
	- netherdepthsupgrade fabric-3.0.1-1.20
	- netherportalfix 13.0.0
	- nochatreports 1.20.1-v2.2.2
	   |-- fabric-rendering-v1 3.0.6+b3afc78b82
	   \-- fabric-screen-api-v1 2.0.6+b3afc78b82
	- owo 0.11.1+1.20
	   \-- blue_endless_jankson 1.2.2
	- oxidized 1.8.2
	   \-- saflib 1.0.32
	- patchouli 1.20.1-81-FABRIC
	   \-- fiber 0.23.0-2
	- plushies 1.2.1
	- polylib 1200.0.2-build.85
	- polymorph 0.49.0+1.20.1
	   |-- cardinal-components-base 5.2.1
	   |-- cardinal-components-block 5.2.1
	   |-- cardinal-components-entity 5.2.1
	   |-- cardinal-components-item 5.2.1
	   \-- spectrelib 0.13.13+1.20.1
	- puzzleslib 8.0.7
	- quartzelv 2.2.5+1.20
	- rechiseled 1.1.1
	- resourcefulconfig 2.0.0
	- resourcefullib 2.1.2
	   \-- com_teamresourceful_yabn 1.0.3
	- rightclickharvest 3.2.2+1.19.x-1.20.1-fabric
	- sfcr 1.7.5-mc1.20
	- smarterfarmers 1.20-1.7.3
	- smoothchunk 1.20.1-3.0
	- smwyg 1.1.1
	- snowyspirit 1.20-2.2.2
	- spark 1.10.42
	- starlight 1.1.2+fabric.dbc156f
	- supermartijn642configlib 1.1.7
	- supermartijn642corelib 1.1.10+c
	- supplementaries 1.20-2.5.18
	- t_and_t 1.10.2
	- tenshilib 1.20.1-1.6.16
	- terrablender 3.0.0.167
	- terralith 2.4.2
	- things 0.3.1+1.20
	   |-- lavender 0.1.0-pre.6+1.20
	   |    |-- lavender-md 0.1.0-pre.3+1.20
	   |    \-- lavender-md-owo-ui 0.1.0-pre.3+1.20
	   \-- reach-entity-attributes 2.3.3-pre.2
	- tinyskeletons 8.0.0
	- toms_storage 1.6.3
	- toms_trading_network 0.2.3
	- tradingpost 8.0.1
	- trashcans 1.0.18
	   \-- team_reborn_energy 3.0.0
	- travelersbackpack 1.20.1-9.1.2
	- trinkets 3.7.0
	- universal_shops 1.3.2+1.20.1
	   |-- common-economy-api 1.1.1
	   |-- common-protection-api 1.0.0
	   |-- fabric-permissions-api-v0 0.2-SNAPSHOT
	   |-- placeholder-api 2.1.1+1.20
	   |-- polymer-core 0.5.3+1.20.1
	   |    |-- polymer-networking 0.5.3+1.20.1
	   |    |    \-- polymer-common 0.5.3+1.20.1
	   |    |         \-- packet_tweaker 0.4.0+1.19.4
	   |    \-- polymer-registry-sync-manipulator 0.5.3+1.20.1
	   |-- polymer-resource-pack 0.5.3+1.20.1
	   |    \-- polymer-common 0.5.3+1.20.1
	   |         \-- packet_tweaker 0.4.0+1.19.4
	   |-- polymer-virtual-entity 0.5.3+1.20.1
	   |    \-- polymer-common 0.5.3+1.20.1
	   |         \-- packet_tweaker 0.4.0+1.19.4
	   |-- server_translations_api 2.0.0+1.20
	   |    \-- packet_tweaker 0.4.0+1.19.4
	   \-- sgui 1.2.2+1.20
	- varietyapi 1.0
	- varietyaquatic 1.0.4.8
	- villagernames 5.2
	- vinery 1.4.0
	- visualworkbench 8.0.0
	- windchimes 1.2.3+1.20
	- woof 4.0.2+1.20.1
	- xaerominimap 23.5.0
	- xaeroworldmap 1.30.6
[17:52:03] [main/INFO]: SpongePowered MIXIN Subsystem Version=0.8.5 Source=file:/home/techeron/Fabric/libraries/net/fabricmc/sponge-mixin/0.12.5+mixin.0.8.5/sponge-mixin-0.12.5+mixin.0.8.5.jar Service=Knot/Fabric Env=SERVER
[17:52:03] [main/INFO]: Compatibility level set to JAVA_17
[17:52:04] [main/WARN]: Reference map 'connectedglass.mixins.refmap.json' for connectedglass.mixins.json could not be read. If this is a development environment you can ignore this message
[17:52:04] [main/WARN]: Reference map 'cristellib-common-refmap.json' for cristellib-common.mixins.json could not be read. If this is a development environment you can ignore this message
[17:52:04] [main/WARN]: Reference map 'doapi-fabric-refmap.json' for doapi.mixins.json could not be read. If this is a development environment you can ignore this message
[17:52:04] [main/WARN]: Reference map 'dummmmmmy-fabric-refmap.json' for dummmmmmy.mixins.json could not be read. If this is a development environment you can ignore this message
[17:52:04] [main/WARN]: Reference map 'Fastload-1.19.4-Extension-refmap.json' for fastload-1194-compat.mixins.json could not be read. If this is a development environment you can ignore this message
[17:52:04] [main/WARN]: Reference map 'itemcollectors.mixins.refmap.json' for itemcollectors.mixins.json could not be read. If this is a development environment you can ignore this message
[17:52:04] [main/INFO]: Loaded configuration file for ModernFix: 48 options available, 0 override(s) found
[17:52:04] [main/INFO]: Applying Nashorn fix
[17:52:04] [main/WARN]: Reference map 'morediscs-refmap.json' for morediscs.mixins.json could not be read. If this is a development environment you can ignore this message
[17:52:04] [main/WARN]: Reference map 'mru-refmap.json' for mru.mixins.json could not be read. If this is a development environment you can ignore this message
[17:52:04] [main/WARN]: Reference map 'rechiseled.mixins.refmap.json' for rechiseled.mixins.json could not be read. If this is a development environment you can ignore this message
[17:52:04] [main/WARN]: Reference map 'smarterfarmers-fabric-refmap.json' for smarterfarmers.mixins.json could not be read. If this is a development environment you can ignore this message
[17:52:04] [main/WARN]: Reference map 'snowyspirit-fabric-refmap.json' for snowyspirit.mixins.json could not be read. If this is a development environment you can ignore this message
[17:52:04] [main/WARN]: Reference map 'supermartijn642configlib.mixins.refmap.json' for supermartijn642configlib.mixins.json could not be read. If this is a development environment you can ignore this message
[17:52:04] [main/WARN]: Reference map 'trashcans.mixins.refmap.json' for trashcans.mixins.json could not be read. If this is a development environment you can ignore this message
[17:52:04] [main/WARN]: Reference map 'universal_shops-refmap.json' for universal_shops.mixins.json could not be read. If this is a development environment you can ignore this message
[17:52:04] [main/WARN]: Error loading class: net/minecraft/class_293 (java.lang.ClassNotFoundException: net/minecraft/class_293)
[17:52:04] [main/WARN]: @Mixin target net.minecraft.class_293 was not found creativecore.fabric.mixins.json:VertexFormatMixin from mod creativecore
[17:52:04] [main/WARN]: Error loading class: net/minecraft/class_465 (java.lang.ClassNotFoundException: net/minecraft/class_465)
[17:52:04] [main/WARN]: @Mixin target net.minecraft.class_465 was not found findme-common.mixins.json:MixinSlotRenderer from mod findme
[17:52:04] [main/WARN]: Error loading class: net/minecraft/class_702 (java.lang.ClassNotFoundException: net/minecraft/class_702)
[17:52:04] [main/WARN]: @Mixin target net.minecraft.class_702 was not found findme-common.mixins.json:ParticleEngineAccessor from mod findme
[17:52:04] [main/WARN]: Error loading class: net/minecraft/class_304 (java.lang.ClassNotFoundException: net/minecraft/class_304)
[17:52:04] [main/WARN]: @Mixin target net.minecraft.class_304 was not found ftblibrary-fabric.mixins.json:KeyMappingAccessor from mod ftblibrary
[17:52:04] [main/WARN]: Error loading class: net/minecraft/class_632 (java.lang.ClassNotFoundException: net/minecraft/class_632)
[17:52:04] [main/WARN]: @Mixin target net.minecraft.class_632 was not found lavender.mixins.json:ClientAdvancementManagerAccessor from mod lavender
[17:52:04] [main/WARN]: Error loading class: net/minecraft/class_340 (java.lang.ClassNotFoundException: net/minecraft/class_340)
[17:52:04] [main/WARN]: @Mixin target net.minecraft.class_340 was not found modernfix-fabric.mixins.json:feature.branding.GuiMixin from mod modernfix
[17:52:04] [main/WARN]: Error loading class: net/minecraft/class_634 (java.lang.ClassNotFoundException: net/minecraft/class_634)
[17:52:04] [main/WARN]: @Mixin target net.minecraft.class_634 was not found modernfix-fabric.mixins.json:core.ClientPlayNetHandlerMixin from mod modernfix
[17:52:04] [main/WARN]: Error loading class: net/minecraft/class_1043 (java.lang.ClassNotFoundException: net/minecraft/class_1043)
[17:52:04] [main/WARN]: @Mixin target net.minecraft.class_1043 was not found modernfix-fabric.mixins.json:safety.DynamicTextureMixin from mod modernfix
[17:52:05] [main/WARN]: Error loading class: net/minecraft/class_775 (java.lang.ClassNotFoundException: net/minecraft/class_775)
[17:52:05] [main/WARN]: @Mixin target net.minecraft.class_775 was not found netherdepthsupgrade.mixins.json:LavaFluidMixin from mod netherdepthsupgrade
[17:52:05] [main/WARN]: Error loading class: fr/catcore/server/translations/api/resource/language/SystemDelegatedLanguage (java.lang.ClassNotFoundException: fr/catcore/server/translations/api/resource/language/SystemDelegatedLanguage)
[17:52:05] [main/WARN]: Mixin 'block.packet.ChunkDeltaUpdateS2CPacketMixin' from 'polymer-core' was disabled by Connectivity Mod (connectivity). Reason: Compat. This might cause issues and isn't generally supported!
[17:52:09] [main/INFO]: Mixing common.MixinFriendlyByteBuf from mixins/common/nochatreports.mixins.json into net.minecraft.class_2540
[17:52:09] [main/INFO]: Renaming synthetic method lambda$onWriteJsonWithCodec$1(Ljava/lang/Object;Ljava/lang/String;)Lio/netty/handler/codec/EncoderException; to md8a8c05$nochatreports$lambda$onWriteJsonWithCodec$1$0 in mixins/common/nochatreports.mixins.json:common.MixinFriendlyByteBuf from mod nochatreports
[17:52:09] [main/INFO]: Renaming synthetic method lambda$onReadJsonWithCodec$0(Ljava/lang/String;)Lio/netty/handler/codec/DecoderException; to md8a8c05$nochatreports$lambda$onReadJsonWithCodec$0$1 in mixins/common/nochatreports.mixins.json:common.MixinFriendlyByteBuf from mod nochatreports
[17:52:10] [main/WARN]: @Final field field_6280:Ljava/util/Map; in vinery-common.mixins.json:LivingEntityMixin from mod vinery should be final
[17:52:12] [main/INFO]: Constructing shapes for nodeWith 2.0, extensionWidth 2.0, nodeHeight 24.0, extensionBottom 0.0, extensionHeight 24.0 took 77 milliseconds
[17:52:12] [main/INFO]: Constructing shapes for nodeWith 2.0, extensionWidth 2.0, nodeHeight 16.0, extensionBottom 0.0, extensionHeight 16.0 took 54 milliseconds
[17:52:13] [main/INFO]: Constructing shapes for nodeWith 2.0, extensionWidth 1.0, nodeHeight 16.0, extensionBottom 6.0, extensionHeight 15.0 took 114 milliseconds
[17:52:16] [main/WARN]: Method overwrite conflict for method_5652 in supplementaries-common.mixins.json:ZombieHorseMixin from mod supplementaries, previously written by com.faboslav.friendsandfoes.mixin.ZombieHorseEntityMixin. Skipping method.
[17:52:16] [main/WARN]: Method overwrite conflict for method_5749 in supplementaries-common.mixins.json:ZombieHorseMixin from mod supplementaries, previously written by com.faboslav.friendsandfoes.mixin.ZombieHorseEntityMixin. Skipping method.
[17:52:16] [main/INFO]: Mixing server.MixinServerGamePacketListenerImpl from mixins/common/nochatreports.mixins.json into net.minecraft.class_3244
[17:52:23] [main/INFO]: Vanilla bootstrap took 14842 milliseconds
[17:52:23] [main/INFO]: [bclib] Added Config betternether.main to auto sync (file hash)
[17:52:23] [main/INFO]: [bclib] Added Config betternether.generator to auto sync (file hash)
[17:52:23] [main/INFO]: [bclib] Added Config betternether.blocks to auto sync (file hash)
[17:52:23] [main/INFO]: [bclib] Added Config betternether.items to auto sync (file hash)
[17:52:23] [main/INFO]: [bclib] Added Config betternether.biomes to auto sync (file hash)
[17:52:23] [main/INFO]: [bclib] Added Config betternether.mobs to auto sync (file hash)
[17:52:23] [main/INFO]: [bclib] Added Config betternether.recipes to auto sync (file hash)
[17:52:24] [main/WARN]: [bclib] Recipe betternether:bone_block_bone_button only takes in a single item and should be shapeless
[17:52:30] [main/INFO]: [rightclickharvest] Initializing VersionUtils
[17:52:30] [main/INFO]: [rightclickharvest] VersionUtils initialized successfully
[17:52:30] [main/INFO]: Config loaded
[17:52:31] [main/INFO]: Constructing common components for mod barteringstation
[17:52:32] [main/INFO]: [bclib] Added Config bclib.generator to auto sync (file hash)
[17:52:32] [main/INFO]: [bclib] Added Config bclib.main to auto sync (content diff)
[17:52:32] [main/INFO]: [bclib] Added Config bclib.biomes to auto sync (file hash)
[17:52:32] [main/INFO]: [bclib] Added Config betterend.entities to auto sync (file hash)
[17:52:32] [main/INFO]: [bclib] Added Config betterend.blocks to auto sync (file hash)
[17:52:32] [main/INFO]: [bclib] Added Config betterend.items to auto sync (file hash)
[17:52:32] [main/INFO]: [bclib] Added Config betterend.biomes to auto sync (file hash)
[17:52:32] [main/INFO]: [bclib] Added Config betterend.recipes to auto sync (file hash)
[17:52:32] [main/INFO]: [bclib] Added Config betterend.enchantments to auto sync (file hash)
[17:52:32] [main/INFO]: [betternether] =^..^=    BetterNether for 1.20    =^..^=
[17:52:33] [main/INFO]: Constructing common components for mod bettertridents
[17:52:33] [main/INFO]: Loading common config for bettertridents
[17:52:33] [Thread-2/INFO]: Reloading common config for bettertridents
[17:52:33] [Thread-2/INFO]: Reloading common config for bettertridents
[17:52:33] [main/INFO]: biomemusic mod initialized
[17:52:34] [main/INFO]: Common init
[17:52:34] [main/INFO]: Cactus Config is being initialized.
[17:52:35] [main/INFO]: Loading Collective version 6.65.
[17:52:35] [main/INFO]: Loading config from ./config/computercraft-client.toml
[17:52:35] [main/INFO]: Connectivity initialized
[17:52:36] [main/INFO]: general
[17:52:36] [main/INFO]: individual
[17:52:36] [main/INFO]: Constructing common components for mod diagonalfences
[17:52:37] [main/INFO]: Constructing common components for mod easyanvils
[17:52:37] [main/INFO]: [FANCYMENU] Loading v2.14.7 in server-side mode!
[17:52:37] [main/INFO]: Registering C2S receiver with id findme:default/93a3df5fb37f371cb25c481f6e5b9323
[17:52:37] [main/INFO]: Registering C2S receiver with id findme:default/b71e26ec071d32928d9fb5d2c3ec8a7a
[17:52:37] [main/INFO]: Registering C2S receiver with id ftbchunks:request_map_data
[17:52:37] [main/INFO]: Registering C2S receiver with id ftbchunks:request_chunk_change
[17:52:37] [main/INFO]: Registering C2S receiver with id ftbchunks:teleport_from_map
[17:52:37] [main/INFO]: Registering C2S receiver with id ftbchunks:sync_tx
[17:52:37] [main/INFO]: Registering C2S receiver with id ftbchunks:update_force_load_expiry
[17:52:37] [main/INFO]: Registering C2S receiver with id ftbchunks:server_config_request
[17:52:37] [main/INFO]: Registering C2S receiver with id ftblibrary:edit_nbt_response
[17:52:37] [main/INFO]: Registering C2S receiver with id ftbteams:open_gui
[17:52:37] [main/INFO]: Registering C2S receiver with id ftbteams:update_settings
[17:52:37] [main/INFO]: Registering C2S receiver with id ftbteams:send_message
[17:52:37] [main/INFO]: Registering C2S receiver with id ftbteams:create_party
[17:52:37] [main/INFO]: Registering C2S receiver with id ftbteams:player_gui_operation
[17:52:37] [main/INFO]: Is initializing.
[17:52:37] [main/INFO]: Has successfully been initialized.
[17:52:37] [main/INFO]: Beginning More Geodes initialization
[17:52:37] [main/INFO]: Loaded More Geodes config!
[17:52:38] [main/INFO]: More Geodes initialized!
[17:52:38] [main/INFO]: [jamlib] Mod initialized!
[17:52:39] [main/INFO]: [KONKRETE] Successfully initialized!
[17:52:39] [main/INFO]: [KONKRETE] Server-side libs ready to use!
[17:52:39] [main/INFO]: Compression will use libdeflate (Linux x86_64), encryption will use OpenSSL 3.0.x (Linux x86_64)
[17:52:39] [main/INFO]: Constructing common components for mod leavesbegone
[17:52:39] [main/INFO]: Registering C2S receiver with id magistuarmory:packet_long_reach_attack
[17:52:39] [main/INFO]: Registering C2S receiver with id magistuarmory:packet_lance_collision
[17:52:40] [main/INFO]: Giving mobs a fresh coat of paint...
[17:52:40] [main/INFO]: Registering Items for netherdepthsupgrade
[17:52:40] [main/INFO]: Registering Blocks for netherdepthsupgrade
[17:52:40] [main/INFO]: Registering tabs for netherdepthsupgrade
[17:52:40] [main/INFO]: Registering Entity Types for netherdepthsupgrade
[17:52:40] [main/INFO]: Registering Effects for netherdepthsupgrade
[17:52:40] [main/INFO]: Registering Potions for netherdepthsupgrade
[17:52:40] [main/INFO]: Registering Enchantments for netherdepthsupgrade
[17:52:40] [main/INFO]: Registering Particles for netherdepthsupgrade
[17:52:40] [main/INFO]: Registering Features for netherdepthsupgrade
[17:52:40] [main/INFO]: Registering ConfiguredFeatures for netherdepthsupgrade
[17:52:40] [main/INFO]: Registering PlacedFeatures for netherdepthsupgrade
[17:52:40] [main/INFO]: Registering Structures for netherdepthsupgrade
[17:52:40] [main/INFO]: KONNICHIWA ZA WARUDO!
[17:52:40] [main/INFO]: Default JVM text encoding is: UTF-8
[17:52:40] [main/INFO]: Reading config file NoChatReports/NCR-Common.json...
[17:52:40] [main/INFO]: Writing config file NoChatReports/NCR-Common.json...
[17:52:40] [main/INFO]: Snakes are inherently funny
[17:52:40] [main/ERROR]: Failed to load book betternether:betternether_book defined by mod betternether, skipping
java.lang.IllegalArgumentException: Book betternether:betternether_book has use_resource_pack set to false. This behaviour was removed in 1.20. The book author should enable this flag and move all book contents clientside to /assets/, leaving the book.json in /data/. See https://vazkiimods.github.io/Patchouli/docs/upgrading/upgrade-guide-120 for details.
	at vazkii.patchouli.common.book.Book.<init>(Book.java:145) ~[Patchouli-1.20.1-81-FABRIC.jar:?]
	at vazkii.patchouli.common.book.BookRegistry.loadBook(BookRegistry.java:90) ~[Patchouli-1.20.1-81-FABRIC.jar:?]
	at vazkii.patchouli.common.book.BookRegistry.lambda$init$3(BookRegistry.java:75) ~[Patchouli-1.20.1-81-FABRIC.jar:?]
	at java.util.HashMap.forEach(HashMap.java:1429) ~[?:?]
	at vazkii.patchouli.common.book.BookRegistry.init(BookRegistry.java:70) ~[Patchouli-1.20.1-81-FABRIC.jar:?]
	at vazkii.patchouli.fabric.common.FabricModInitializer.onInitialize(FabricModInitializer.java:33) ~[Patchouli-1.20.1-81-FABRIC.jar:?]
	at net.fabricmc.loader.impl.entrypoint.EntrypointUtils.invoke0(EntrypointUtils.java:47) ~[fabric-loader-0.14.21.jar:?]
	at net.fabricmc.loader.impl.entrypoint.EntrypointUtils.invoke(EntrypointUtils.java:35) ~[fabric-loader-0.14.21.jar:?]
	at net.fabricmc.loader.impl.game.minecraft.Hooks.startServer(Hooks.java:62) ~[fabric-loader-0.14.21.jar:?]
	at net.minecraft.server.Main.main(Main.java:112) ~[server-intermediary.jar:?]
	at net.fabricmc.loader.impl.game.minecraft.MinecraftGameProvider.launch(MinecraftGameProvider.java:468) ~[fabric-loader-0.14.21.jar:?]
	at net.fabricmc.loader.impl.launch.knot.Knot.launch(Knot.java:74) ~[fabric-loader-0.14.21.jar:?]
	at net.fabricmc.loader.impl.launch.knot.KnotServer.main(KnotServer.java:23) ~[fabric-loader-0.14.21.jar:?]
	at net.fabricmc.loader.impl.launch.server.FabricServerLauncher.main(FabricServerLauncher.java:69) ~[fabric-loader-0.14.21.jar:?]
[17:52:40] [main/ERROR]: Failed to load book betterend:guidebook defined by mod betterend, skipping
java.lang.IllegalArgumentException: Book betterend:guidebook has use_resource_pack set to false. This behaviour was removed in 1.20. The book author should enable this flag and move all book contents clientside to /assets/, leaving the book.json in /data/. See https://vazkiimods.github.io/Patchouli/docs/upgrading/upgrade-guide-120 for details.
	at vazkii.patchouli.common.book.Book.<init>(Book.java:145) ~[Patchouli-1.20.1-81-FABRIC.jar:?]
	at vazkii.patchouli.common.book.BookRegistry.loadBook(BookRegistry.java:90) ~[Patchouli-1.20.1-81-FABRIC.jar:?]
	at vazkii.patchouli.common.book.BookRegistry.lambda$init$3(BookRegistry.java:75) ~[Patchouli-1.20.1-81-FABRIC.jar:?]
	at java.util.HashMap.forEach(HashMap.java:1429) ~[?:?]
	at vazkii.patchouli.common.book.BookRegistry.init(BookRegistry.java:70) ~[Patchouli-1.20.1-81-FABRIC.jar:?]
	at vazkii.patchouli.fabric.common.FabricModInitializer.onInitialize(FabricModInitializer.java:33) ~[Patchouli-1.20.1-81-FABRIC.jar:?]
	at net.fabricmc.loader.impl.entrypoint.EntrypointUtils.invoke0(EntrypointUtils.java:47) ~[fabric-loader-0.14.21.jar:?]
	at net.fabricmc.loader.impl.entrypoint.EntrypointUtils.invoke(EntrypointUtils.java:35) ~[fabric-loader-0.14.21.jar:?]
	at net.fabricmc.loader.impl.game.minecraft.Hooks.startServer(Hooks.java:62) ~[fabric-loader-0.14.21.jar:?]
	at net.minecraft.server.Main.main(Main.java:112) ~[server-intermediary.jar:?]
	at net.fabricmc.loader.impl.game.minecraft.MinecraftGameProvider.launch(MinecraftGameProvider.java:468) ~[fabric-loader-0.14.21.jar:?]
	at net.fabricmc.loader.impl.launch.knot.Knot.launch(Knot.java:74) ~[fabric-loader-0.14.21.jar:?]
	at net.fabricmc.loader.impl.launch.knot.KnotServer.main(KnotServer.java:23) ~[fabric-loader-0.14.21.jar:?]
	at net.fabricmc.loader.impl.launch.server.FabricServerLauncher.main(FabricServerLauncher.java:69) ~[fabric-loader-0.14.21.jar:?]
[17:52:40] [main/INFO]: Constructing common components for mod puzzleslib
[17:52:41] [main/INFO]: [jamlib] Registered config for rightclickharvest
[17:52:41] [main/INFO]: [rightclickharvest] Mod initialized!
[17:52:41] [main/INFO]: Registering C2S receiver with id sfcr:config_s2c/36972fe6a0ef3201821d782cc071f8f8
[17:52:41] [main/INFO]: Registering C2S receiver with id sfcr:runtime_s2c/89f5b7d70a293483a75ba9b598e9b1ff
[17:52:41] [main/INFO]: Registering C2S receiver with id sfcr:sync_request_c2s
[17:52:41] [main/INFO]: Loaded config snowyspirit-common.json
[17:52:41] [main/INFO]: Loaded config supplementaries-common.json
[17:52:41] [main/INFO]: Constructing common components for mod tinyskeletons
[17:52:41] [main/INFO]: Tom's Storage Setup starting
[17:52:41] [main/INFO]: Tom's Trading Network starting
[17:52:41] [main/INFO]: Constructing common components for mod tradingpost
[17:52:42] [main/INFO]: Registered the FluidEffect with Unique ID of minecraft:water for minecraft:water 81000 with the ID 0
[17:52:42] [main/INFO]: Registered the FluidEffect with Unique ID of minecraft:lava for minecraft:lava 81000 with the ID 1
[17:52:42] [main/INFO]: Registered the FluidEffect with Unique ID of travelersbackpack:potion for travelersbackpack:potion_still 27000 with the ID 2
[17:52:42] [main/INFO]: Registered the FluidEffect with Unique ID of travelersbackpack:milk for travelersbackpack:milk_still 81000 with the ID 3
[17:52:42] [main/INFO]: Constructing common components for mod visualworkbench
[17:52:42] [main/INFO]: [STDOUT]: Block{minecraft:jukebox}
[17:52:44] [main/INFO]: onInitialize complete
[17:52:44] [main/INFO]: Krypton is now accelerating your Minecraft server's networking stack 🚀
[17:52:45] [main/INFO]: Initialized block sets in 18ms
[17:52:45] [main/INFO]: Loaded config dummmmmmy-common.json
[17:52:45] [main/INFO]: Loaded config dummmmmmy-client.json
[17:52:45] [main/INFO]: Initialized color sets in 70ms
[17:52:45] [main/INFO]: Finished mod setup in: [0, 0, 22, 0, 0, 0, 0, 8, 1] ms
[17:52:45] [main/INFO]: Loading Xaero's Minimap - Stage 1/2 (Server)
[17:52:45] [main/INFO]: Loading Xaero's World Map - Stage 1/2 (Server)
[17:52:45] [main/INFO]: Environment: authHost='https://authserver.mojang.com', accountsHost='https://api.mojang.com', sessionHost='https://sessionserver.mojang.com', servicesHost='https://api.minecraftservices.com', name='PROD'
[17:52:46] [main/INFO]: Bypassed Mojang DFU
[17:52:46] [main/INFO]: [DataFixerAPI] Applying Patch{betternether:5.3.5:21020677}
[17:52:46] [main/INFO]: [DataFixerAPI] Applying Patch{betternether:8.2.2:33587202}
[17:52:46] [main/INFO]: [DataFixerAPI] Applying Patch{betternether:9.0.1:37748737}
[17:52:46] [main/INFO]: [DataFixerAPI] Applying Patch{bclib:3.0.11:12582923}
[17:52:46] [main/INFO]: [bclib] Running Pre Patchers on ./UofM Minecraft/.
[17:52:46] [main/WARN]: [bclib] Applying Fixes on Level
[17:52:46] [main/INFO]: [bclib] Patcher Stage... Reading Data%
[17:52:46] [main/INFO]: [bclib] Patcher Stage... Fixing Players%
[17:52:46] [main/INFO]: [DataFixerAPI] Inspecting ./UofM Minecraft/./playerdata/ac9ab9bd-60ac-48ed-b18e-be5c6bfcaf60.dat
[17:52:46] [ForkJoinPool.commonPool-worker-1/INFO]: [DataFixerAPI] Inspecting ./UofM Minecraft/./playerdata/8c51415d-caac-458c-af17-433cd25ab0ef.dat
[17:52:46] [ForkJoinPool.commonPool-worker-2/INFO]: [DataFixerAPI] Inspecting ./UofM Minecraft/./playerdata/2da4c8bb-c9fd-4fcd-a469-1cb653074da9.dat
[17:52:46] [ForkJoinPool.commonPool-worker-3/INFO]: [DataFixerAPI] Inspecting ./UofM Minecraft/./playerdata/ca79d800-4529-400b-a813-61625de65165.dat
[17:52:46] [main/INFO]: [DataFixerAPI] Inspecting ./UofM Minecraft/./playerdata/042b89b0-857b-4a6e-9c8c-89f3ee02f4e7.dat
[17:52:46] [main/INFO]: [bclib] Patcher Stage... Applying Patches to level.dat%
[17:52:46] [main/INFO]: [DataFixerAPI] Inspecting level.dat in ./UofM Minecraft/.
[17:52:46] [main/INFO]: [bclib] Patcher Stage... Patching Custom World-Data%
[17:52:46] [main/INFO]: [bclib] Patcher Stage... Repairing all Regions%
[17:52:46] [main/INFO]: [DataFixerAPI] Inspecting ./UofM Minecraft/./entities/r.12.10.mca
[17:52:46] [ForkJoinPool.commonPool-worker-2/INFO]: [DataFixerAPI] Inspecting ./UofM Minecraft/./region/r.-5.-2.mca
[17:52:46] [ForkJoinPool.commonPool-worker-3/INFO]: [DataFixerAPI] Inspecting ./UofM Minecraft/./entities/r.-1.-19.mca
[17:52:46] [ForkJoinPool.commonPool-worker-1/INFO]: [DataFixerAPI] Inspecting ./UofM Minecraft/./region/r.-12.9.mca
[17:52:46] [ForkJoinPool.commonPool-worker-3/INFO]: [DataFixerAPI] Inspecting ./UofM Minecraft/./entities/r.19.-2.mca
[17:52:46] [main/INFO]: [DataFixerAPI] Inspecting ./UofM Minecraft/./entities/r.-3.-14.mca
[17:52:46] [ForkJoinPool.commonPool-worker-3/INFO]: [DataFixerAPI] Inspecting ./UofM Minecraft/./entities/r.-8.-13.mca
[17:52:46] [main/INFO]: [DataFixerAPI] Inspecting ./UofM Minecraft/./entities/r.1.14.mca
[17:52:46] [main/INFO]: [DataFixerAPI] Inspecting ./UofM Minecraft/./entities/r.-13.-5.mca
[17:52:46] [ForkJoinPool.commonPool-worker-3/INFO]: [DataFixerAPI] Inspecting ./UofM Minecraft/./entities/r.13.12.mca
[17:52:47] [main/INFO]: [DataFixerAPI] Inspecting ./UofM Minecraft/./entities/r.-1.6.mca
[17:52:47] [ForkJoinPool.commonPool-worker-3/INFO]: [DataFixerAPI] Inspecting ./UofM Minecraft/./entities/r.6.16.mca
[17:52:47] [main/INFO]: [DataFixerAPI] Inspecting ./UofM Minecraft/./entities/r.3.6.mca
[17:52:47] [ForkJoinPool.commonPool-worker-3/INFO]: [DataFixerAPI] Inspecting ./UofM Minecraft/./entities/r.3.18.mca
[17:52:47] [ForkJoinPool.commonPool-worker-3/INFO]: [bclib] Patching... 0%
[17:52:47] [ForkJoinPool.commonPool-worker-3/INFO]: [DataFixerAPI] Inspecting ./UofM Minecraft/./entities/r.-20.-10.mca
[17:52:47] [main/INFO]: [DataFixerAPI] Inspecting ./UofM Minecraft/./entities/r.17.-17.mca
[17:52:47] [ForkJoinPool.commonPool-worker-3/INFO]: [DataFixerAPI] Inspecting ./UofM Minecraft/./entities/r.4.12.mca
[17:52:47] [main/INFO]: [DataFixerAPI] Inspecting ./UofM Minecraft/./entities/r.9.-7.mca
[17:52:47] [main/INFO]: [DataFixerAPI] Inspecting ./UofM Minecraft/./entities/r.-17.-13.mca
[17:52:47] [ForkJoinPool.commonPool-worker-3/INFO]: [DataFixerAPI] Inspecting ./UofM Minecraft/./entities/r.12.12.mca
[17:52:47] [ForkJoinPool.commonPool-worker-3/INFO]: [DataFixerAPI] Inspecting ./UofM Minecraft/./entities/r.10.-6.mca
[17:52:47] [main/INFO]: [DataFixerAPI] Inspecting ./UofM Minecraft/./entities/r.5.0.mca
[17:52:47] [ForkJoinPool.commonPool-worker-3/INFO]: [DataFixerAPI] Inspecting ./UofM Minecraft/./entities/r.-9.12.mca
[17:52:47] [main/INFO]: [DataFixerAPI] Inspecting ./UofM Minecraft/./entities/r.-6.2.mca
[17:52:48] [main/INFO]: [DataFixerAPI] Inspecting ./UofM Minecraft/./entities/r.6.1.mca
[17:52:48] [main/INFO]: [DataFixerAPI] Inspecting ./UofM Minecraft/./entities/r.13.-11.mca
[17:52:48] [ForkJoinPool.commonPool-worker-3/INFO]: [DataFixerAPI] Inspecting ./UofM Minecraft/./entities/r.-7.-1.mca
[17:52:48] [main/INFO]: [DataFixerAPI] Inspecting ./UofM Minecraft/./entities/r.-14.-4.mca
[17:52:48] [main/INFO]: [bclib] Patching... 0%
[17:52:48] [main/INFO]: [DataFixerAPI] Inspecting ./UofM Minecraft/./entities/r.6.11.mca
[17:52:48] [ForkJoinPool.commonPool-worker-3/INFO]: [DataFixerAPI] Inspecting ./UofM Minecraft/./entities/r.16.-7.mca
[17:52:48] [main/INFO]: [DataFixerAPI] Inspecting ./UofM Minecraft/./entities/r.-10.14.mca
[17:52:48] [ForkJoinPool.commonPool-worker-3/INFO]: [DataFixerAPI] Inspecting ./UofM Minecraft/./entities/r.16.13.mca
[17:52:48] [main/INFO]: [DataFixerAPI] Inspecting ./UofM Minecraft/./entities/r.17.15.mca
[17:52:49] [ForkJoinPool.commonPool-worker-3/INFO]: [DataFixerAPI] Inspecting ./UofM Minecraft/./entities/r.11.-18.mca
[17:52:49] [main/INFO]: [DataFixerAPI] Inspecting ./UofM Minecraft/./entities/r.7.0.mca
[17:52:49] [ForkJoinPool.commonPool-worker-3/INFO]: [DataFixerAPI] Inspecting ./UofM Minecraft/./entities/r.-5.-7.mca
[17:52:49] [main/INFO]: [DataFixerAPI] Inspecting ./UofM Minecraft/./entities/r.-16.-15.mca
[17:52:49] [ForkJoinPool.commonPool-worker-3/INFO]: [DataFixerAPI] Inspecting ./UofM Minecraft/./entities/r.-1.0.mca
[17:52:49] [main/INFO]: [bclib] Patching... 0%
[17:52:49] [main/INFO]: [DataFixerAPI] Inspecting ./UofM Minecraft/./entities/r.0.0.mca
[17:52:50] [main/INFO]: [DataFixerAPI] Inspecting ./UofM Minecraft/./entities/r.-18.19.mca
[17:52:50] [ForkJoinPool.commonPool-worker-3/INFO]: [DataFixerAPI] Inspecting ./UofM Minecraft/./entities/r.19.4.mca
[17:52:50] [main/INFO]: [DataFixerAPI] Inspecting ./UofM Minecraft/./entities/r.-15.-20.mca
[17:52:50] [ForkJoinPool.commonPool-worker-3/INFO]: [DataFixerAPI] Inspecting ./UofM Minecraft/./entities/r.10.8.mca
[17:52:50] [main/INFO]: [DataFixerAPI] Inspecting ./UofM Minecraft/./entities/r.-13.-13.mca
[17:52:50] [ForkJoinPool.commonPool-worker-3/INFO]: [DataFixerAPI] Inspecting ./UofM Minecraft/./entities/r.6.-8.mca
[17:52:50] [ForkJoinPool.commonPool-worker-3/INFO]: [DataFixerAPI] Inspecting ./UofM Minecraft/./entities/r.-18.-16.mca
[17:52:50] [main/INFO]: [bclib] Patching... 1%
[17:52:50] [main/INFO]: [DataFixerAPI] Inspecting ./UofM Minecraft/./entities/r.-9.-15.mca
[17:52:50] [ForkJoinPool.commonPool-worker-3/INFO]: [DataFixerAPI] Inspecting ./UofM Minecraft/./entities/r.12.-12.mca
[17:52:50] [main/INFO]: [DataFixerAPI] Inspecting ./UofM Minecraft/./entities/r.-13.1.mca
[17:52:50] [ForkJoinPool.commonPool-worker-3/INFO]: [DataFixerAPI] Inspecting ./UofM Minecraft/./entities/r.-15.5.mca
[17:52:50] [ForkJoinPool.commonPool-worker-3/INFO]: [DataFixerAPI] Inspecting ./UofM Minecraft/./entities/r.4.-14.mca
[17:52:50] [main/INFO]: [DataFixerAPI] Inspecting ./UofM Minecraft/./entities/r.-1.11.mca
[17:52:51] [main/INFO]: [DataFixerAPI] Inspecting ./UofM Minecraft/./entities/r.4.3.mca
[17:52:51] [ForkJoinPool.commonPool-worker-3/INFO]: [DataFixerAPI] Inspecting ./UofM Minecraft/./entities/r.-8.-5.mca
[17:52:51] [main/INFO]: [DataFixerAPI] Inspecting ./UofM Minecraft/./entities/r.-12.16.mca
[17:52:51] [main/INFO]: [DataFixerAPI] Inspecting ./UofM Minecraft/./entities/r.-7.-2.mca
[17:52:51] [ForkJoinPool.commonPool-worker-3/INFO]: [DataFixerAPI] Inspecting ./UofM Minecraft/./entities/r.-9.15.mca
[17:52:51] [main/INFO]: [bclib] Patching... 1%
[17:52:51] [main/INFO]: [DataFixerAPI] Inspecting ./UofM Minecraft/./entities/r.1.-16.mca
[17:52:51] [ForkJoinPool.commonPool-worker-3/INFO]: [DataFixerAPI] Inspecting ./UofM Minecraft/./entities/r.-19.7.mca
[17:52:51] [main/INFO]: [DataFixerAPI] Inspecting ./UofM Minecraft/./entities/r.3.16.mca
[17:52:51] [ForkJoinPool.commonPool-worker-3/INFO]: [DataFixerAPI] Inspecting ./UofM Minecraft/./entities/r.-6.-9.mca
[17:52:52] [ForkJoinPool.commonPool-worker-3/INFO]: [DataFixerAPI] Inspecting ./UofM Minecraft/./entities/r.-3.-19.mca
[17:52:52] [main/INFO]: [DataFixerAPI] Inspecting ./UofM Minecraft/./entities/r.11.-10.mca
[17:52:52] [ForkJoinPool.commonPool-worker-3/INFO]: [DataFixerAPI] Inspecting ./UofM Minecraft/./entities/r.5.-17.mca
[17:52:52] [main/INFO]: [DataFixerAPI] Inspecting ./UofM Minecraft/./entities/r.-20.-14.mca
[17:52:52] [ForkJoinPool.commonPool-worker-3/INFO]: [DataFixerAPI] Inspecting ./UofM Minecraft/./entities/r.6.19.mca
[17:52:52] [main/INFO]: [DataFixerAPI] Inspecting ./UofM Minecraft/./entities/r.2.9.mca
[17:52:52] [ForkJoinPool.commonPool-worker-3/INFO]: [DataFixerAPI] Inspecting ./UofM Minecraft/./entities/r.-3.1.mca
[17:52:52] [main/INFO]: [DataFixerAPI] Inspecting ./UofM Minecraft/./entities/r.-5.6.mca
[17:52:52] [ForkJoinPool.commonPool-worker-3/INFO]: [DataFixerAPI] Inspecting ./UofM Minecraft/./entities/r.-13.4.mca
[17:52:52] [ForkJoinPool.commonPool-worker-3/INFO]: [bclib] Patching... 1%
[17:52:52] [ForkJoinPool.commonPool-worker-3/INFO]: [DataFixerAPI] Inspecting ./UofM Minecraft/./entities/r.-19.-1.mca
[17:52:52] [main/INFO]: [DataFixerAPI] Inspecting ./UofM Minecraft/./entities/r.11.12.mca
[17:52:52] [main/INFO]: [DataFixerAPI] Inspecting ./UofM Minecraft/./entities/r.-13.18.mca
[17:52:52] [ForkJoinPool.commonPool-worker-3/INFO]: [DataFixerAPI] Inspecting ./UofM Minecraft/./entities/r.13.15.mca
[17:52:53] [main/INFO]: [DataFixerAPI] Inspecting ./UofM Minecraft/./entities/r.18.1.mca
[17:52:53] [ForkJoinPool.commonPool-worker-3/INFO]: [DataFixerAPI] Inspecting ./UofM Minecraft/./entities/r.-8.-15.mca
[17:52:53] [main/INFO]: [DataFixerAPI] Inspecting ./UofM Minecraft/./entities/r.8.9.mca
[17:52:53] [ForkJoinPool.commonPool-worker-3/INFO]: [DataFixerAPI] Inspecting ./UofM Minecraft/./entities/r.-6.15.mca
[17:52:53] [main/INFO]: [DataFixerAPI] Inspecting ./UofM Minecraft/./entities/r.2.8.mca
[17:52:53] [ForkJoinPool.commonPool-worker-3/INFO]: [DataFixerAPI] Inspecting ./UofM Minecraft/./entities/r.-15.-10.mca
[17:52:53] [main/INFO]: [DataFixerAPI] Inspecting ./UofM Minecraft/./entities/r.-16.-5.mca
[17:52:53] [ForkJoinPool.commonPool-worker-3/INFO]: [DataFixerAPI] Inspecting ./UofM Minecraft/./entities/r.-1.2.mca
[17:52:53] [main/INFO]: [DataFixerAPI] Inspecting ./UofM Minecraft/./entities/r.-11.-20.mca
[17:52:53] [main/INFO]: [DataFixerAPI] Inspecting ./UofM Minecraft/./entities/r.5.-16.mca
[17:52:54] [ForkJoinPool.commonPool-worker-3/INFO]: [bclib] Patching... 1%
[17:52:54] [main/INFO]: [DataFixerAPI] Inspecting ./UofM Minecraft/./entities/r.-16.13.mca
[17:52:54] [ForkJoinPool.commonPool-worker-3/INFO]: [DataFixerAPI] Inspecting ./UofM Minecraft/./entities/r.-20.14.mca
[17:52:54] [main/INFO]: [DataFixerAPI] Inspecting ./UofM Minecraft/./entities/r.-4.18.mca
[17:52:54] [ForkJoinPool.commonPool-worker-3/INFO]: [DataFixerAPI] Inspecting ./UofM Minecraft/./entities/r.19.-1.mca
[17:52:54] [main/INFO]: [DataFixerAPI] Inspecting ./UofM Minecraft/./entities/r.-8.-18.mca
[17:52:54] [ForkJoinPool.commonPool-worker-3/INFO]: [DataFixerAPI] Inspecting ./UofM Minecraft/./entities/r.-14.13.mca
[17:52:54] [ForkJoinPool.commonPool-worker-3/INFO]: [DataFixerAPI] Inspecting ./UofM Minecraft/./entities/r.-17.3.mca
[17:52:54] [main/INFO]: [DataFixerAPI] Inspecting ./UofM Minecraft/./entities/r.1.-14.mca
[17:52:54] [main/INFO]: [DataFixerAPI] Inspecting ./UofM Minecraft/./entities/r.15.-13.mca
[17:52:54] [ForkJoinPool.commonPool-worker-3/INFO]: [DataFixerAPI] Inspecting ./UofM Minecraft/./entities/r.-3.-7.mca
[17:52:54] [ForkJoinPool.commonPool-worker-3/INFO]: [DataFixerAPI] Inspecting ./UofM Minecraft/./entities/r.-7.9.mca
[17:52:54] [main/INFO]: [DataFixerAPI] Inspecting ./UofM Minecraft/./entities/r.-6.12.mca
[17:52:54] [ForkJoinPool.commonPool-worker-3/INFO]: [DataFixerAPI] Inspecting ./UofM Minecraft/./entities/r.-1.-2.mca
[17:52:54] [main/INFO]: [DataFixerAPI] Inspecting ./UofM Minecraft/./entities/r.17.-2.mca
[17:52:55] [main/INFO]: [DataFixerAPI] Inspecting ./UofM Minecraft/./entities/r.10.-7.mca
[17:52:55] [main/INFO]: [DataFixerAPI] Inspecting ./UofM Minecraft/./entities/r.8.10.mca
[17:52:55] [main/INFO]: [bclib] Patching... 2%
[17:52:55] [main/INFO]: [DataFixerAPI] Inspecting ./UofM Minecraft/./entities/r.3.-11.mca
[17:52:55] [ForkJoinPool.commonPool-worker-3/INFO]: [DataFixerAPI] Inspecting ./UofM Minecraft/./entities/r.14.18.mca
[17:52:55] [ForkJoinPool.commonPool-worker-3/INFO]: [DataFixerAPI] Inspecting ./UofM Minecraft/./entities/r.-8.-12.mca
[17:52:55] [main/INFO]: [DataFixerAPI] Inspecting ./UofM Minecraft/./entities/r.13.14.mca
[17:52:55] [ForkJoinPool.commonPool-worker-3/INFO]: [DataFixerAPI] Inspecting ./UofM Minecraft/./entities/r.9.4.mca
[17:52:55] [main/INFO]: [DataFixerAPI] Inspecting ./UofM Minecraft/./entities/r.-16.10.mca
[17:52:55] [ForkJoinPool.commonPool-worker-3/INFO]: [DataFixerAPI] Inspecting ./UofM Minecraft/./entities/r.3.5.mca
[17:52:55] [main/INFO]: [DataFixerAPI] Inspecting ./UofM Minecraft/./entities/r.-18.-8.mca
[17:52:56] [ForkJoinPool.commonPool-worker-3/INFO]: [DataFixerAPI] Inspecting ./UofM Minecraft/./entities/r.-5.17.mca
[17:52:56] [ForkJoinPool.commonPool-worker-3/INFO]: [DataFixerAPI] Inspecting ./UofM Minecraft/./entities/r.-11.-6.mca
[17:52:56] [main/INFO]: [DataFixerAPI] Inspecting ./UofM Minecraft/./entities/r.-14.7.mca
[17:52:56] [ForkJoinPool.commonPool-worker-3/INFO]: [bclib] Patching... 2%
[17:52:56] [ForkJoinPool.commonPool-worker-3/INFO]: [DataFixerAPI] Inspecting ./UofM Minecraft/./entities/r.11.5.mca
[17:52:56] [ForkJoinPool.commonPool-worker-3/INFO]: [DataFixerAPI] Inspecting ./UofM Minecraft/./entities/r.15.16.mca
[17:52:56] [ForkJoinPool.commonPool-worker-3/INFO]: [DataFixerAPI] Inspecting ./UofM Minecraft/./entities/r.4.-6.mca
[17:52:56] [main/INFO]: [DataFixerAPI] Inspecting ./UofM Minecraft/./entities/r.-19.15.mca
[17:52:56] [ForkJoinPool.commonPool-worker-3/INFO]: [DataFixerAPI] Inspecting ./UofM Minecraft/./entities/r.11.-20.mca
[17:52:56] [ForkJoinPool.commonPool-worker-3/INFO]: [DataFixerAPI] Inspecting ./UofM Minecraft/./entities/r.8.11.mca
[17:52:56] [main/INFO]: [DataFixerAPI] Inspecting ./UofM Minecraft/./entities/r.18.2.mca
[17:52:56] [ForkJoinPool.commonPool-worker-3/INFO]: [DataFixerAPI] Inspecting ./UofM Minecraft/./entities/r.-8.-6.mca
[17:52:57] [main/INFO]: [DataFixerAPI] Inspecting ./UofM Minecraft/./entities/r.-13.10.mca
[17:52:57] [ForkJoinPool.commonPool-worker-3/INFO]: [DataFixerAPI] Inspecting ./UofM Minecraft/./entities/r.5.8.mca
[17:52:57] [main/INFO]: [DataFixerAPI] Inspecting ./UofM Minecraft/./entities/r.-11.-14.mca
[17:52:57] [main/INFO]: [bclib] Patching... 2%
[17:52:57] [main/INFO]: [DataFixerAPI] Inspecting ./UofM Minecraft/./entities/r.-10.-18.mca
[17:52:57] [main/INFO]: [DataFixerAPI] Inspecting ./UofM Minecraft/./entities/r.3.-18.mca
[17:52:57] [main/INFO]: [DataFixerAPI] Inspecting ./UofM Minecraft/./entities/r.14.-6.mca
[17:52:57] [ForkJoinPool.commonPool-worker-3/INFO]: [DataFixerAPI] Inspecting ./UofM Minecraft/./entities/r.10.12.mca
[17:52:58] [main/INFO]: [DataFixerAPI] Inspecting ./UofM Minecraft/./entities/r.4.-12.mca
[17:52:58] [ForkJoinPool.commonPool-worker-3/INFO]: [DataFixerAPI] Inspecting ./UofM Minecraft/./entities/r.9.-16.mca
[17:52:58] [main/INFO]: [DataFixerAPI] Inspecting ./UofM Minecraft/./entities/r.1.-7.mca
[17:52:58] [ForkJoinPool.commonPool-worker-3/INFO]: [DataFixerAPI] Inspecting ./UofM Minecraft/./entities/r.-9.-18.mca
[17:52:58] [main/INFO]: [bclib] Patching... 2%
[17:52:58] [main/INFO]: [DataFixerAPI] Inspecting ./UofM Minecraft/./entities/r.-12.9.mca
[17:52:58] [ForkJoinPool.commonPool-worker-3/INFO]: [DataFixerAPI] Inspecting ./UofM Minecraft/./entities/r.3.4.mca
[17:52:58] [main/INFO]: [DataFixerAPI] Inspecting ./UofM Minecraft/./entities/r.18.12.mca
[17:52:58] [ForkJoinPool.commonPool-worker-3/INFO]: [DataFixerAPI] Inspecting ./UofM Minecraft/./entities/r.11.-11.mca
[17:52:59] [ForkJoinPool.commonPool-worker-3/INFO]: [DataFixerAPI] Inspecting ./UofM Minecraft/./entities/r.2.2.mca
[17:52:59] [main/INFO]: [DataFixerAPI] Inspecting ./UofM Minecraft/./entities/r.-20.16.mca
[17:52:59] [main/INFO]: [DataFixerAPI] Inspecting ./UofM Minecraft/./entities/r.-2.12.mca
[17:52:59] [ForkJoinPool.commonPool-worker-3/INFO]: [DataFixerAPI] Inspecting ./UofM Minecraft/./entities/r.19.-11.mca
[17:52:59] [main/INFO]: [DataFixerAPI] Inspecting ./UofM Minecraft/./entities/r.11.11.mca
[17:52:59] [ForkJoinPool.commonPool-worker-3/INFO]: [DataFixerAPI] Inspecting ./UofM Minecraft/./entities/r.9.-13.mca
[17:52:59] [main/INFO]: [DataFixerAPI] Inspecting ./UofM Minecraft/./entities/r.-15.4.mca
[17:52:59] [main/INFO]: [bclib] Patching... 2%
[17:52:59] [main/INFO]: [DataFixerAPI] Inspecting ./UofM Minecraft/./entities/r.18.-15.mca
[17:52:59] [ForkJoinPool.commonPool-worker-3/INFO]: [DataFixerAPI] Inspecting ./UofM Minecraft/./entities/r.0.-12.mca
[17:52:59] [main/INFO]: [DataFixerAPI] Inspecting ./UofM Minecraft/./entities/r.-6.-10.mca
[17:52:59] [main/INFO]: [DataFixerAPI] Inspecting ./UofM Minecraft/./entities/r.0.9.mca
[17:52:59] [ForkJoinPool.commonPool-worker-3/INFO]: [DataFixerAPI] Inspecting ./UofM Minecraft/./entities/r.-17.-14.mca
[17:53:00] [main/INFO]: [DataFixerAPI] Inspecting ./UofM Minecraft/./entities/r.-20.-3.mca
[17:53:00] [ForkJoinPool.commonPool-worker-3/INFO]: [DataFixerAPI] Inspecting ./UofM Minecraft/./entities/r.-12.19.mca
[17:53:00] [main/INFO]: [DataFixerAPI] Inspecting ./UofM Minecraft/./entities/r.-3.0.mca
[17:53:00] [ForkJoinPool.commonPool-worker-3/INFO]: [DataFixerAPI] Inspecting ./UofM Minecraft/./entities/r.13.-6.mca
[17:53:00] [main/INFO]: [DataFixerAPI] Inspecting ./UofM Minecraft/./entities/r.-20.0.mca
[17:53:00] [main/INFO]: [DataFixerAPI] Inspecting ./UofM Minecraft/./entities/r.-18.-11.mca
[17:53:00] [ForkJoinPool.commonPool-worker-3/INFO]: [DataFixerAPI] Inspecting ./UofM Minecraft/./entities/r.6.-4.mca
[17:53:00] [main/INFO]: [DataFixerAPI] Inspecting ./UofM Minecraft/./entities/r.-17.6.mca
[17:53:00] [ForkJoinPool.commonPool-worker-3/INFO]: [DataFixerAPI] Inspecting ./UofM Minecraft/./entities/r.-4.6.mca
[17:53:00] [main/INFO]: [bclib] Patching... 3%
[17:53:00] [main/INFO]: [DataFixerAPI] Inspecting ./UofM Minecraft/./entities/r.10.-17.mca
[17:53:00] [ForkJoinPool.commonPool-worker-3/INFO]: [DataFixerAPI] Inspecting ./UofM Minecraft/./entities/r.-4.-10.mca
[17:53:00] [main/INFO]: [DataFixerAPI] Inspecting ./UofM Minecraft/./entities/r.-16.2.mca
[17:53:00] [ForkJoinPool.commonPool-worker-3/INFO]: [DataFixerAPI] Inspecting ./UofM Minecraft/./entities/r.8.0.mca
[17:53:00] [main/INFO]: [DataFixerAPI] Inspecting ./UofM Minecraft/./entities/r.4.13.mca
[17:53:01] [ForkJoinPool.commonPool-worker-3/INFO]: [DataFixerAPI] Inspecting ./UofM Minecraft/./entities/r.15.7.mca
[17:53:01] [main/INFO]: [DataFixerAPI] Inspecting ./UofM Minecraft/./entities/r.19.19.mca
[17:53:01] [main/INFO]: [DataFixerAPI] Inspecting ./UofM Minecraft/./entities/r.4.17.mca
[17:53:01] [ForkJoinPool.commonPool-worker-3/INFO]: [DataFixerAPI] Inspecting ./UofM Minecraft/./entities/r.-18.-20.mca
[17:53:01] [main/INFO]: [DataFixerAPI] Inspecting ./UofM Minecraft/./entities/r.-5.8.mca
[17:53:01] [ForkJoinPool.commonPool-worker-3/INFO]: [DataFixerAPI] Inspecting ./UofM Minecraft/./entities/r.4.4.mca
[17:53:01] [main/INFO]: [bclib] Patching... 3%
[17:53:01] [main/INFO]: [DataFixerAPI] Inspecting ./UofM Minecraft/./entities/r.-8.9.mca
[17:53:01] [ForkJoinPool.commonPool-worker-2/INFO]: [DataFixerAPI] Inspecting ./UofM Minecraft/./region/r.-19.8.mca
[17:53:01] [ForkJoinPool.commonPool-worker-3/INFO]: [DataFixerAPI] Inspecting ./UofM Minecraft/./entities/r.8.-9.mca
[17:53:02] [main/INFO]: [DataFixerAPI] Inspecting ./UofM Minecraft/./entities/r.-14.1.mca
[17:53:02] [ForkJoinPool.commonPool-worker-3/INFO]: [DataFixerAPI] Inspecting ./UofM Minecraft/./entities/r.3.-13.mca
[17:53:02] [main/INFO]: [DataFixerAPI] Inspecting ./UofM Minecraft/./entities/r.-8.-8.mca
[17:53:02] [ForkJoinPool.commonPool-worker-3/INFO]: [DataFixerAPI] Inspecting ./UofM Minecraft/./entities/r.-11.17.mca
[17:53:02] [main/INFO]: [DataFixerAPI] Inspecting ./UofM Minecraft/./entities/r.7.16.mca
[17:53:02] [ForkJoinPool.commonPool-worker-3/INFO]: [DataFixerAPI] Inspecting ./UofM Minecraft/./entities/r.15.-9.mca
[17:53:02] [ForkJoinPool.commonPool-worker-3/INFO]: [DataFixerAPI] Inspecting ./UofM Minecraft/./entities/r.-5.-12.mca
[17:53:02] [main/INFO]: [DataFixerAPI] Inspecting ./UofM Minecraft/./entities/r.5.-1.mca
[17:53:02] [main/INFO]: [bclib] Patching... 3%
[17:53:02] [main/INFO]: [DataFixerAPI] Inspecting ./UofM Minecraft/./entities/r.-10.12.mca
[17:53:03] [ForkJoinPool.commonPool-worker-3/INFO]: [DataFixerAPI] Inspecting ./UofM Minecraft/./entities/r.-18.-2.mca
[17:53:03] [main/INFO]: [DataFixerAPI] Inspecting ./UofM Minecraft/./entities/r.-9.18.mca
[17:53:03] [ForkJoinPool.commonPool-worker-1/INFO]: [DataFixerAPI] Inspecting ./UofM Minecraft/./region/r.18.12.mca
[17:53:03] [main/INFO]: [DataFixerAPI] Inspecting ./UofM Minecraft/./entities/r.10.15.mca
[17:53:03] [ForkJoinPool.commonPool-worker-3/INFO]: [DataFixerAPI] Inspecting ./UofM Minecraft/./entities/r.-9.19.mca
[17:53:03] [ForkJoinPool.commonPool-worker-3/INFO]: [DataFixerAPI] Inspecting ./UofM Minecraft/./entities/r.-16.-17.mca
[17:53:03] [main/INFO]: [DataFixerAPI] Inspecting ./UofM Minecraft/./entities/r.6.5.mca
[17:53:03] [ForkJoinPool.commonPool-worker-3/INFO]: [DataFixerAPI] Inspecting ./UofM Minecraft/./entities/r.19.7.mca
[17:53:03] [main/INFO]: [DataFixerAPI] Inspecting ./UofM Minecraft/./entities/r.2.3.mca
[17:53:03] [ForkJoinPool.commonPool-worker-3/INFO]: [DataFixerAPI] Inspecting ./UofM Minecraft/./entities/r.5.-18.mca
[17:53:03] [ForkJoinPool.commonPool-worker-3/INFO]: [DataFixerAPI] Inspecting ./UofM Minecraft/./entities/r.-2.14.mca
[17:53:03] [ForkJoinPool.commonPool-worker-3/INFO]: [DataFixerAPI] Inspecting ./UofM Minecraft/./entities/r.-8.3.mca
[17:53:03] [main/INFO]: [DataFixerAPI] Inspecting ./UofM Minecraft/./entities/r.6.-18.mca
[17:53:03] [ForkJoinPool.commonPool-worker-3/INFO]: [DataFixerAPI] Inspecting ./UofM Minecraft/./entities/r.-2.-13.mca
[17:53:03] [main/INFO]: [bclib] Patching... 3%
[17:53:03] [main/INFO]: [DataFixerAPI] Inspecting ./UofM Minecraft/./entities/r.2.16.mca
[17:53:03] [ForkJoinPool.commonPool-worker-3/INFO]: [DataFixerAPI] Inspecting ./UofM Minecraft/./entities/r.14.19.mca
[17:53:04] [ForkJoinPool.commonPool-worker-3/INFO]: [DataFixerAPI] Inspecting ./UofM Minecraft/./entities/r.-12.-10.mca
[17:53:04] [main/INFO]: [DataFixerAPI] Inspecting ./UofM Minecraft/./entities/r.-2.17.mca
[17:53:04] [ForkJoinPool.commonPool-worker-3/INFO]: [DataFixerAPI] Inspecting ./UofM Minecraft/./entities/r.1.-5.mca
[17:53:04] [main/INFO]: [DataFixerAPI] Inspecting ./UofM Minecraft/./entities/r.-16.12.mca
[17:53:04] [main/INFO]: [DataFixerAPI] Inspecting ./UofM Minecraft/./entities/r.-7.8.mca
[17:53:04] [main/INFO]: [DataFixerAPI] Inspecting ./UofM Minecraft/./entities/r.-9.16.mca
[17:53:04] [ForkJoinPool.commonPool-worker-3/INFO]: [DataFixerAPI] Inspecting ./UofM Minecraft/./entities/r.-6.-6.mca
[17:53:04] [main/INFO]: [DataFixerAPI] Inspecting ./UofM Minecraft/./entities/r.7.8.mca
[17:53:04] [ForkJoinPool.commonPool-worker-3/INFO]: [bclib] Patching... 4%
[17:53:04] [ForkJoinPool.commonPool-worker-3/INFO]: [DataFixerAPI] Inspecting ./UofM Minecraft/./entities/r.6.-13.mca
[17:53:05] [main/INFO]: [DataFixerAPI] Inspecting ./UofM Minecraft/./entities/r.-9.17.mca
[17:53:05] [ForkJoinPool.commonPool-worker-3/INFO]: [DataFixerAPI] Inspecting ./UofM Minecraft/./entities/r.-17.-1.mca
[17:53:05] [main/INFO]: [DataFixerAPI] Inspecting ./UofM Minecraft/./entities/r.-2.10.mca
[17:53:05] [ForkJoinPool.commonPool-worker-3/INFO]: [DataFixerAPI] Inspecting ./UofM Minecraft/./entities/r.0.-19.mca
[17:53:05] [main/INFO]: [DataFixerAPI] Inspecting ./UofM Minecraft/./entities/r.-19.6.mca
[17:53:05] [ForkJoinPool.commonPool-worker-3/INFO]: [DataFixerAPI] Inspecting ./UofM Minecraft/./entities/r.-19.-14.mca
[17:53:05] [main/INFO]: [DataFixerAPI] Inspecting ./UofM Minecraft/./entities/r.-3.9.mca
[17:53:05] [ForkJoinPool.commonPool-worker-3/INFO]: [bclib] Patching... 4%
[17:53:05] [main/INFO]: [DataFixerAPI] Inspecting ./UofM Minecraft/./entities/r.-18.2.mca
[17:53:05] [ForkJoinPool.commonPool-worker-3/INFO]: [DataFixerAPI] Inspecting ./UofM Minecraft/./entities/r.10.9.mca
[17:53:06] [ForkJoinPool.commonPool-worker-3/INFO]: [DataFixerAPI] Inspecting ./UofM Minecraft/./entities/r.-10.-6.mca
[17:53:06] [ForkJoinPool.commonPool-worker-3/INFO]: [DataFixerAPI] Inspecting ./UofM Minecraft/./entities/r.10.19.mca
[17:53:06] [main/INFO]: [DataFixerAPI] Inspecting ./UofM Minecraft/./entities/r.15.-15.mca
[17:53:06] [ForkJoinPool.commonPool-worker-3/INFO]: [DataFixerAPI] Inspecting ./UofM Minecraft/./entities/r.-6.3.mca
[17:53:06] [main/INFO]: [DataFixerAPI] Inspecting ./UofM Minecraft/./entities/r.13.-19.mca
[17:53:06] [ForkJoinPool.commonPool-worker-3/INFO]: [DataFixerAPI] Inspecting ./UofM Minecraft/./entities/r.-15.-4.mca
[17:53:06] [main/INFO]: [DataFixerAPI] Inspecting ./UofM Minecraft/./entities/r.6.13.mca
[17:53:06] [ForkJoinPool.commonPool-worker-3/INFO]: [DataFixerAPI] Inspecting ./UofM Minecraft/./entities/r.-17.-6.mca
[17:53:06] [ForkJoinPool.commonPool-worker-3/INFO]: [DataFixerAPI] Inspecting ./UofM Minecraft/./entities/r.2.7.mca
[17:53:06] [main/INFO]: [DataFixerAPI] Inspecting ./UofM Minecraft/./entities/r.1.0.mca
[17:53:06] [ForkJoinPool.commonPool-worker-3/INFO]: [DataFixerAPI] Inspecting ./UofM Minecraft/./entities/r.14.2.mca
[17:53:06] [ForkJoinPool.commonPool-worker-3/INFO]: [DataFixerAPI] Inspecting ./UofM Minecraft/./entities/r.7.-5.mca
[17:53:06] [main/INFO]: [DataFixerAPI] Inspecting ./UofM Minecraft/./entities/r.9.-19.mca
[17:53:06] [ForkJoinPool.commonPool-worker-3/INFO]: [DataFixerAPI] Inspecting ./UofM Minecraft/./entities/r.7.14.mca
[17:53:07] [ForkJoinPool.commonPool-worker-3/INFO]: [bclib] Patching... 4%
[17:53:07] [ForkJoinPool.commonPool-worker-3/INFO]: [DataFixerAPI] Inspecting ./UofM Minecraft/./entities/r.12.-13.mca
[17:53:07] [main/INFO]: [DataFixerAPI] Inspecting ./UofM Minecraft/./entities/r.-4.-14.mca
[17:53:07] [ForkJoinPool.commonPool-worker-3/INFO]: [DataFixerAPI] Inspecting ./UofM Minecraft/./entities/r.14.10.mca
[17:53:07] [main/INFO]: [DataFixerAPI] Inspecting ./UofM Minecraft/./entities/r.-13.-4.mca
[17:53:07] [ForkJoinPool.commonPool-worker-3/INFO]: [DataFixerAPI] Inspecting ./UofM Minecraft/./entities/r.-5.-2.mca
[17:53:07] [main/INFO]: [DataFixerAPI] Inspecting ./UofM Minecraft/./entities/r.0.5.mca
[17:53:07] [main/INFO]: [DataFixerAPI] Inspecting ./UofM Minecraft/./entities/r.8.-11.mca
[17:53:07] [ForkJoinPool.commonPool-worker-3/INFO]: [DataFixerAPI] Inspecting ./UofM Minecraft/./entities/r.-19.8.mca
[17:53:07] [main/INFO]: [DataFixerAPI] Inspecting ./UofM Minecraft/./entities/r.11.-12.mca
[17:53:07] [main/INFO]: [DataFixerAPI] Inspecting ./UofM Minecraft/./entities/r.-6.-14.mca
[17:53:07] [ForkJoinPool.commonPool-worker-3/INFO]: [DataFixerAPI] Inspecting ./UofM Minecraft/./entities/r.-15.-14.mca
[17:53:08] [main/INFO]: [DataFixerAPI] Inspecting ./UofM Minecraft/./entities/r.-2.1.mca
[17:53:08] [ForkJoinPool.commonPool-worker-3/INFO]: [bclib] Patching... 4%
[17:53:08] [ForkJoinPool.commonPool-worker-3/INFO]: [DataFixerAPI] Inspecting ./UofM Minecraft/./entities/r.15.4.mca
[17:53:08] [ForkJoinPool.commonPool-worker-3/INFO]: [DataFixerAPI] Inspecting ./UofM Minecraft/./entities/r.-15.8.mca
[17:53:08] [main/INFO]: [DataFixerAPI] Inspecting ./UofM Minecraft/./entities/r.-3.-9.mca
[17:53:08] [ForkJoinPool.commonPool-worker-3/INFO]: [DataFixerAPI] Inspecting ./UofM Minecraft/./entities/r.-20.-12.mca
[17:53:08] [main/INFO]: [DataFixerAPI] Inspecting ./UofM Minecraft/./entities/r.-20.19.mca
[17:53:08] [main/INFO]: [DataFixerAPI] Inspecting ./UofM Minecraft/./entities/r.-20.-19.mca
[17:53:08] [ForkJoinPool.commonPool-worker-3/INFO]: [DataFixerAPI] Inspecting ./UofM Minecraft/./entities/r.-1.7.mca
[17:53:08] [ForkJoinPool.commonPool-worker-3/INFO]: [DataFixerAPI] Inspecting ./UofM Minecraft/./entities/r.19.-16.mca
[17:53:08] [main/INFO]: [DataFixerAPI] Inspecting ./UofM Minecraft/./entities/r.0.8.mca
